[debug] [2021-02-26T23:44:48.195Z] ----------------------------------------------------------------------
[debug] [2021-02-26T23:44:48.197Z] Command:       D:\NodeJS\node.exe C:\Users\bates\AppData\Roaming\npm\node_modules\firebase-tools\lib\bin\firebase.js serve
[debug] [2021-02-26T23:44:48.197Z] CLI Version:   9.5.0
[debug] [2021-02-26T23:44:48.197Z] Platform:      win32
[debug] [2021-02-26T23:44:48.197Z] Node Version:  v15.10.0
[debug] [2021-02-26T23:44:48.198Z] Time:          Fri Feb 26 2021 18:44:48 GMT-0500 (Eastern Standard Time)
[debug] [2021-02-26T23:44:48.199Z] ----------------------------------------------------------------------
[debug] [2021-02-26T23:44:48.199Z] 
[debug] [2021-02-26T23:44:48.205Z] > command requires scopes: ["email","openid","https://www.googleapis.com/auth/cloudplatformprojects.readonly","https://www.googleapis.com/auth/firebase","https://www.googleapis.com/auth/cloud-platform"]
[debug] [2021-02-26T23:44:48.206Z] > authorizing via signed-in user
[debug] [2021-02-26T23:44:48.206Z] [iam] checking project veddit-f1794 for permissions ["firebase.projects.get"]
[debug] [2021-02-26T23:44:48.208Z] >>> HTTP REQUEST POST https://cloudresourcemanager.googleapis.com/v1/projects/veddit-f1794:testIamPermissions  
 {"permissions":["firebase.projects.get"]}
[debug] [2021-02-26T23:44:48.787Z] <<< HTTP RESPONSE 200 {"content-type":"application/json; charset=UTF-8","vary":"X-Origin, Referer, Origin,Accept-Encoding","date":"Fri, 26 Feb 2021 23:44:48 GMT","server":"ESF","cache-control":"private","x-xss-protection":"0","x-frame-options":"SAMEORIGIN","x-content-type-options":"nosniff","server-timing":"gfet4t7; dur=227","alt-svc":"h3-29=\":443\"; ma=2592000,h3-T051=\":443\"; ma=2592000,h3-Q050=\":443\"; ma=2592000,h3-Q046=\":443\"; ma=2592000,h3-Q043=\":443\"; ma=2592000,quic=\":443\"; ma=2592000; v=\"46,43\"","accept-ranges":"none","transfer-encoding":"chunked"}
[debug] [2021-02-26T23:44:48.789Z] > refreshing access token with scopes: []
[debug] [2021-02-26T23:44:48.790Z] >>> HTTP REQUEST POST https://www.googleapis.com/oauth2/v3/token  
 <request body omitted>
[debug] [2021-02-26T23:44:49.142Z] <<< HTTP RESPONSE 200 {"expires":"Mon, 01 Jan 1990 00:00:00 GMT","cache-control":"no-cache, no-store, max-age=0, must-revalidate","date":"Fri, 26 Feb 2021 23:44:49 GMT","pragma":"no-cache","content-type":"application/json; charset=utf-8","vary":"X-Origin, Referer, Origin,Accept-Encoding","server":"scaffolding on HTTPServer2","x-xss-protection":"0","x-frame-options":"SAMEORIGIN","x-content-type-options":"nosniff","alt-svc":"h3-29=\":443\"; ma=2592000,h3-T051=\":443\"; ma=2592000,h3-Q050=\":443\"; ma=2592000,h3-Q046=\":443\"; ma=2592000,h3-Q043=\":443\"; ma=2592000,quic=\":443\"; ma=2592000; v=\"46,43\"","accept-ranges":"none","transfer-encoding":"chunked"}
[debug] [2021-02-26T23:44:49.151Z] >>> [apiv2][query] GET https://firebase.googleapis.com/v1beta1/projects/veddit-f1794 [none]
[debug] [2021-02-26T23:44:49.579Z] <<< [apiv2][status] GET https://firebase.googleapis.com/v1beta1/projects/veddit-f1794 200
[debug] [2021-02-26T23:44:49.579Z] <<< [apiv2][body] GET https://firebase.googleapis.com/v1beta1/projects/veddit-f1794 {"projectId":"veddit-f1794","projectNumber":"112041068143","displayName":"veddit","name":"projects/veddit-f1794","resources":{"hostingSite":"veddit-f1794","realtimeDatabaseInstance":"veddit-f1794-default-rtdb","storageBucket":"veddit-f1794.appspot.com","locationId":"us-central"},"state":"ACTIVE"}
[info] 
[info] === Serving from 'C:\Users\bates\Desktop\Veddit\Veddit'...
[info] 
[warn] !  Your requested "node" version "12" doesn't match your global version "15" {"metadata":{"emulator":{"name":"functions"},"message":"Your requested \"node\" version \"12\" doesn't match your global version \"15\""}}
[debug] [2021-02-26T23:44:49.593Z] defaultcredentials: writing to file C:\Users\bates\AppData\Roaming\firebase\batestaaa13_gmail_com_application_default_credentials.json
[debug] [2021-02-26T23:44:49.601Z] Setting GAC to C:\Users\bates\AppData\Roaming\firebase\batestaaa13_gmail_com_application_default_credentials.json {"metadata":{"emulator":{"name":"functions"},"message":"Setting GAC to C:\\Users\\bates\\AppData\\Roaming\\firebase\\batestaaa13_gmail_com_application_default_credentials.json"}}
[debug] [2021-02-26T23:44:49.602Z] >>> [apiv2][query] GET https://firebase.googleapis.com/v1beta1/projects/veddit-f1794/adminSdkConfig [none]
[debug] [2021-02-26T23:44:49.898Z] <<< [apiv2][status] GET https://firebase.googleapis.com/v1beta1/projects/veddit-f1794/adminSdkConfig 200
[debug] [2021-02-26T23:44:49.899Z] <<< [apiv2][body] GET https://firebase.googleapis.com/v1beta1/projects/veddit-f1794/adminSdkConfig {"projectId":"veddit-f1794","databaseURL":"https://veddit-f1794-default-rtdb.firebaseio.com","storageBucket":"veddit-f1794.appspot.com","locationId":"us-central"}
[info] i  functions: Watching "C:\Users\bates\Desktop\Veddit\Veddit\functions" for Cloud Functions... {"metadata":{"emulator":{"name":"functions"},"message":"Watching \"C:\\Users\\bates\\Desktop\\Veddit\\Veddit\\functions\" for Cloud Functions..."}}
[debug] [2021-02-26T23:44:49.921Z] [worker-pool] addWorker(~diagnostic~) {"metadata":{"emulator":{"name":"functions"},"message":"[worker-pool] addWorker(~diagnostic~)"}}
[debug] [2021-02-26T23:44:49.922Z] [worker-pool] Adding worker with key ~diagnostic~, total=1 {"metadata":{"emulator":{"name":"functions"},"message":"[worker-pool] Adding worker with key ~diagnostic~, total=1"}}
[debug] [2021-02-26T23:44:49.922Z] [worker-pool] submitWork(triggerId=) {"metadata":{"emulator":{"name":"functions"},"message":"[worker-pool] submitWork(triggerId=)"}}
[debug] [2021-02-26T23:44:49.922Z] [worker-~diagnostic~-2b824844-d68e-42cd-9fad-40444f05a3ec]: Assigning socketPath: \\?\pipe\C:\Users\bates\Desktop\Veddit\Veddit\functions\23652 {"metadata":{"emulator":{"name":"functions"},"message":"[worker-~diagnostic~-2b824844-d68e-42cd-9fad-40444f05a3ec]: Assigning socketPath: \\\\?\\pipe\\C:\\Users\\bates\\Desktop\\Veddit\\Veddit\\functions\\23652"}}
[debug] [2021-02-26T23:44:49.922Z] [worker-~diagnostic~-2b824844-d68e-42cd-9fad-40444f05a3ec]: BUSY {"metadata":{"emulator":{"name":"functions"},"message":"[worker-~diagnostic~-2b824844-d68e-42cd-9fad-40444f05a3ec]: BUSY"}}
[debug] [2021-02-26T23:44:50.117Z] [runtime-status] [23652] Functions runtime initialized. {"cwd":"C:\\Users\\bates\\Desktop\\Veddit\\Veddit\\functions","node_version":"15.10.0"} {"metadata":{"emulator":{"name":"functions"},"message":"[runtime-status] [23652] Functions runtime initialized. {\"cwd\":\"C:\\\\Users\\\\bates\\\\Desktop\\\\Veddit\\\\Veddit\\\\functions\",\"node_version\":\"15.10.0\"}"}}
[debug] [2021-02-26T23:44:50.118Z] [runtime-status] [23652] Disabled runtime features: undefined {"metadata":{"emulator":{"name":"functions"},"message":"[runtime-status] [23652] Disabled runtime features: undefined"}}
[debug] [2021-02-26T23:44:50.121Z] [runtime-status] [23652] Resolved module firebase-admin {"declared":true,"installed":true,"version":"9.5.0","resolution":"C:\\Users\\bates\\Desktop\\Veddit\\Veddit\\functions\\node_modules\\firebase-admin\\lib\\index.js"} {"metadata":{"emulator":{"name":"functions"},"message":"[runtime-status] [23652] Resolved module firebase-admin {\"declared\":true,\"installed\":true,\"version\":\"9.5.0\",\"resolution\":\"C:\\\\Users\\\\bates\\\\Desktop\\\\Veddit\\\\Veddit\\\\functions\\\\node_modules\\\\firebase-admin\\\\lib\\\\index.js\"}"}}
[debug] [2021-02-26T23:44:50.124Z] [runtime-status] [23652] Resolved module firebase-functions {"declared":true,"installed":true,"version":"3.13.2","resolution":"C:\\Users\\bates\\Desktop\\Veddit\\Veddit\\functions\\node_modules\\firebase-functions\\lib\\index.js"} {"metadata":{"emulator":{"name":"functions"},"message":"[runtime-status] [23652] Resolved module firebase-functions {\"declared\":true,\"installed\":true,\"version\":\"3.13.2\",\"resolution\":\"C:\\\\Users\\\\bates\\\\Desktop\\\\Veddit\\\\Veddit\\\\functions\\\\node_modules\\\\firebase-functions\\\\lib\\\\index.js\"}"}}
[debug] [2021-02-26T23:44:50.125Z] [runtime-status] [23652] Resolved module firebase-functions {"declared":true,"installed":true,"version":"3.13.2","resolution":"C:\\Users\\bates\\Desktop\\Veddit\\Veddit\\functions\\node_modules\\firebase-functions\\lib\\index.js"} {"metadata":{"emulator":{"name":"functions"},"message":"[runtime-status] [23652] Resolved module firebase-functions {\"declared\":true,\"installed\":true,\"version\":\"3.13.2\",\"resolution\":\"C:\\\\Users\\\\bates\\\\Desktop\\\\Veddit\\\\Veddit\\\\functions\\\\node_modules\\\\firebase-functions\\\\lib\\\\index.js\"}"}}
[debug] [2021-02-26T23:44:50.127Z] [runtime-status] [23652] Outgoing network have been stubbed. [{"name":"http","status":"mocked"},{"name":"http","status":"mocked"},{"name":"https","status":"mocked"},{"name":"https","status":"mocked"},{"name":"net","status":"mocked"}] {"metadata":{"emulator":{"name":"functions"},"message":"[runtime-status] [23652] Outgoing network have been stubbed. [{\"name\":\"http\",\"status\":\"mocked\"},{\"name\":\"http\",\"status\":\"mocked\"},{\"name\":\"https\",\"status\":\"mocked\"},{\"name\":\"https\",\"status\":\"mocked\"},{\"name\":\"net\",\"status\":\"mocked\"}]"}}
[debug] [2021-02-26T23:44:50.127Z] [runtime-status] [23652] Resolved module firebase-functions {"declared":true,"installed":true,"version":"3.13.2","resolution":"C:\\Users\\bates\\Desktop\\Veddit\\Veddit\\functions\\node_modules\\firebase-functions\\lib\\index.js"} {"metadata":{"emulator":{"name":"functions"},"message":"[runtime-status] [23652] Resolved module firebase-functions {\"declared\":true,\"installed\":true,\"version\":\"3.13.2\",\"resolution\":\"C:\\\\Users\\\\bates\\\\Desktop\\\\Veddit\\\\Veddit\\\\functions\\\\node_modules\\\\firebase-functions\\\\lib\\\\index.js\"}"}}
[debug] [2021-02-26T23:44:50.169Z] [runtime-status] [23652] Checked functions.config() {"config":{}} {"metadata":{"emulator":{"name":"functions"},"message":"[runtime-status] [23652] Checked functions.config() {\"config\":{}}"}}
[debug] [2021-02-26T23:44:50.170Z] [runtime-status] [23652] firebase-functions has been stubbed. {"functionsResolution":{"declared":true,"installed":true,"version":"3.13.2","resolution":"C:\\Users\\bates\\Desktop\\Veddit\\Veddit\\functions\\node_modules\\firebase-functions\\lib\\index.js"}} {"metadata":{"emulator":{"name":"functions"},"message":"[runtime-status] [23652] firebase-functions has been stubbed. {\"functionsResolution\":{\"declared\":true,\"installed\":true,\"version\":\"3.13.2\",\"resolution\":\"C:\\\\Users\\\\bates\\\\Desktop\\\\Veddit\\\\Veddit\\\\functions\\\\node_modules\\\\firebase-functions\\\\lib\\\\index.js\"}}"}}
[debug] [2021-02-26T23:44:50.170Z] [runtime-status] [23652] Resolved module firebase-functions {"declared":true,"installed":true,"version":"3.13.2","resolution":"C:\\Users\\bates\\Desktop\\Veddit\\Veddit\\functions\\node_modules\\firebase-functions\\lib\\index.js"} {"metadata":{"emulator":{"name":"functions"},"message":"[runtime-status] [23652] Resolved module firebase-functions {\"declared\":true,\"installed\":true,\"version\":\"3.13.2\",\"resolution\":\"C:\\\\Users\\\\bates\\\\Desktop\\\\Veddit\\\\Veddit\\\\functions\\\\node_modules\\\\firebase-functions\\\\lib\\\\index.js\"}"}}
[debug] [2021-02-26T23:44:50.171Z] [runtime-status] [23652] Resolved module firebase-admin {"declared":true,"installed":true,"version":"9.5.0","resolution":"C:\\Users\\bates\\Desktop\\Veddit\\Veddit\\functions\\node_modules\\firebase-admin\\lib\\index.js"} {"metadata":{"emulator":{"name":"functions"},"message":"[runtime-status] [23652] Resolved module firebase-admin {\"declared\":true,\"installed\":true,\"version\":\"9.5.0\",\"resolution\":\"C:\\\\Users\\\\bates\\\\Desktop\\\\Veddit\\\\Veddit\\\\functions\\\\node_modules\\\\firebase-admin\\\\lib\\\\index.js\"}"}}
[debug] [2021-02-26T23:44:50.172Z] [runtime-status] [23652] Resolved module firebase-functions {"declared":true,"installed":true,"version":"3.13.2","resolution":"C:\\Users\\bates\\Desktop\\Veddit\\Veddit\\functions\\node_modules\\firebase-functions\\lib\\index.js"} {"metadata":{"emulator":{"name":"functions"},"message":"[runtime-status] [23652] Resolved module firebase-functions {\"declared\":true,\"installed\":true,\"version\":\"3.13.2\",\"resolution\":\"C:\\\\Users\\\\bates\\\\Desktop\\\\Veddit\\\\Veddit\\\\functions\\\\node_modules\\\\firebase-functions\\\\lib\\\\index.js\"}"}}
[debug] [2021-02-26T23:44:50.172Z] [runtime-status] [23652] firebase-admin has been stubbed. {"adminResolution":{"declared":true,"installed":true,"version":"9.5.0","resolution":"C:\\Users\\bates\\Desktop\\Veddit\\Veddit\\functions\\node_modules\\firebase-admin\\lib\\index.js"}} {"metadata":{"emulator":{"name":"functions"},"message":"[runtime-status] [23652] firebase-admin has been stubbed. {\"adminResolution\":{\"declared\":true,\"installed\":true,\"version\":\"9.5.0\",\"resolution\":\"C:\\\\Users\\\\bates\\\\Desktop\\\\Veddit\\\\Veddit\\\\functions\\\\node_modules\\\\firebase-admin\\\\lib\\\\index.js\"}}"}}
[debug] [2021-02-26T23:44:50.174Z] [runtime-status] [23652] initializeApp(DEFAULT) {"storageBucket":"veddit-f1794.appspot.com","databaseURL":"https://veddit-f1794-default-rtdb.firebaseio.com","projectId":"veddit-f1794"} {"metadata":{"emulator":{"name":"functions"},"message":"[runtime-status] [23652] initializeApp(DEFAULT) {\"storageBucket\":\"veddit-f1794.appspot.com\",\"databaseURL\":\"https://veddit-f1794-default-rtdb.firebaseio.com\",\"projectId\":\"veddit-f1794\"}"}}
[info] +  functions[createScream]: http function initialized (http://localhost:5000/veddit-f1794/us-central1/createScream). {"metadata":{"emulator":{"name":"functions"},"message":"\u001b[1mhttp\u001b[22m function initialized (http://localhost:5000/veddit-f1794/us-central1/createScream)."}}
[info] +  functions[api]: http function initialized (http://localhost:5000/veddit-f1794/us-central1/api). {"metadata":{"emulator":{"name":"functions"},"message":"\u001b[1mhttp\u001b[22m function initialized (http://localhost:5000/veddit-f1794/us-central1/api)."}}
[debug] [2021-02-26T23:44:50.267Z] [worker-~diagnostic~-2b824844-d68e-42cd-9fad-40444f05a3ec]: IDLE {"metadata":{"emulator":{"name":"functions"},"message":"[worker-~diagnostic~-2b824844-d68e-42cd-9fad-40444f05a3ec]: IDLE"}}
[debug] [2021-02-26T23:51:11.688Z] [work-queue] {"queueLength":1,"workRunningCount":0}
[debug] [2021-02-26T23:51:11.689Z] [work-queue] {"queueLength":0,"workRunningCount":1}
[debug] [2021-02-26T23:51:11.689Z] Accepted request POST /veddit-f1794/us-central1/api/scream --> api
[debug] [2021-02-26T23:51:11.695Z] [worker-pool] addWorker(api) {"metadata":{"emulator":{"name":"functions"},"message":"[worker-pool] addWorker(api)"}}
[debug] [2021-02-26T23:51:11.695Z] [worker-pool] Adding worker with key api, total=1 {"metadata":{"emulator":{"name":"functions"},"message":"[worker-pool] Adding worker with key api, total=1"}}
[debug] [2021-02-26T23:51:11.695Z] [worker-pool] submitWork(triggerId=api) {"metadata":{"emulator":{"name":"functions"},"message":"[worker-pool] submitWork(triggerId=api)"}}
[debug] [2021-02-26T23:51:11.695Z] [worker-api-2577e91c-3df0-43ac-a90c-34db81db0613]: Assigning socketPath: \\?\pipe\C:\Users\bates\Desktop\Veddit\Veddit\functions\4960 {"metadata":{"emulator":{"name":"functions"},"message":"[worker-api-2577e91c-3df0-43ac-a90c-34db81db0613]: Assigning socketPath: \\\\?\\pipe\\C:\\Users\\bates\\Desktop\\Veddit\\Veddit\\functions\\4960"}}
[debug] [2021-02-26T23:51:11.696Z] [worker-api-2577e91c-3df0-43ac-a90c-34db81db0613]: BUSY {"metadata":{"emulator":{"name":"functions"},"message":"[worker-api-2577e91c-3df0-43ac-a90c-34db81db0613]: BUSY"}}
[debug] [2021-02-26T23:51:11.881Z] [runtime-status] [4960] Functions runtime initialized. {"cwd":"C:\\Users\\bates\\Desktop\\Veddit\\Veddit\\functions","node_version":"15.10.0"} {"metadata":{"emulator":{"name":"functions"},"function":{"name":"api"},"message":"[runtime-status] [4960] Functions runtime initialized. {\"cwd\":\"C:\\\\Users\\\\bates\\\\Desktop\\\\Veddit\\\\Veddit\\\\functions\",\"node_version\":\"15.10.0\"}"}}
[debug] [2021-02-26T23:51:11.882Z] [runtime-status] [4960] Disabled runtime features: undefined {"metadata":{"emulator":{"name":"functions"},"function":{"name":"api"},"message":"[runtime-status] [4960] Disabled runtime features: undefined"}}
[debug] [2021-02-26T23:51:11.886Z] [runtime-status] [4960] Resolved module firebase-admin {"declared":true,"installed":true,"version":"9.5.0","resolution":"C:\\Users\\bates\\Desktop\\Veddit\\Veddit\\functions\\node_modules\\firebase-admin\\lib\\index.js"} {"metadata":{"emulator":{"name":"functions"},"function":{"name":"api"},"message":"[runtime-status] [4960] Resolved module firebase-admin {\"declared\":true,\"installed\":true,\"version\":\"9.5.0\",\"resolution\":\"C:\\\\Users\\\\bates\\\\Desktop\\\\Veddit\\\\Veddit\\\\functions\\\\node_modules\\\\firebase-admin\\\\lib\\\\index.js\"}"}}
[debug] [2021-02-26T23:51:11.888Z] [runtime-status] [4960] Resolved module firebase-functions {"declared":true,"installed":true,"version":"3.13.2","resolution":"C:\\Users\\bates\\Desktop\\Veddit\\Veddit\\functions\\node_modules\\firebase-functions\\lib\\index.js"} {"metadata":{"emulator":{"name":"functions"},"function":{"name":"api"},"message":"[runtime-status] [4960] Resolved module firebase-functions {\"declared\":true,\"installed\":true,\"version\":\"3.13.2\",\"resolution\":\"C:\\\\Users\\\\bates\\\\Desktop\\\\Veddit\\\\Veddit\\\\functions\\\\node_modules\\\\firebase-functions\\\\lib\\\\index.js\"}"}}
[debug] [2021-02-26T23:51:11.890Z] [runtime-status] [4960] Resolved module firebase-functions {"declared":true,"installed":true,"version":"3.13.2","resolution":"C:\\Users\\bates\\Desktop\\Veddit\\Veddit\\functions\\node_modules\\firebase-functions\\lib\\index.js"} {"metadata":{"emulator":{"name":"functions"},"function":{"name":"api"},"message":"[runtime-status] [4960] Resolved module firebase-functions {\"declared\":true,\"installed\":true,\"version\":\"3.13.2\",\"resolution\":\"C:\\\\Users\\\\bates\\\\Desktop\\\\Veddit\\\\Veddit\\\\functions\\\\node_modules\\\\firebase-functions\\\\lib\\\\index.js\"}"}}
[debug] [2021-02-26T23:51:11.892Z] [runtime-status] [4960] Outgoing network have been stubbed. [{"name":"http","status":"mocked"},{"name":"http","status":"mocked"},{"name":"https","status":"mocked"},{"name":"https","status":"mocked"},{"name":"net","status":"mocked"}] {"metadata":{"emulator":{"name":"functions"},"function":{"name":"api"},"message":"[runtime-status] [4960] Outgoing network have been stubbed. [{\"name\":\"http\",\"status\":\"mocked\"},{\"name\":\"http\",\"status\":\"mocked\"},{\"name\":\"https\",\"status\":\"mocked\"},{\"name\":\"https\",\"status\":\"mocked\"},{\"name\":\"net\",\"status\":\"mocked\"}]"}}
[debug] [2021-02-26T23:51:11.892Z] [runtime-status] [4960] Resolved module firebase-functions {"declared":true,"installed":true,"version":"3.13.2","resolution":"C:\\Users\\bates\\Desktop\\Veddit\\Veddit\\functions\\node_modules\\firebase-functions\\lib\\index.js"} {"metadata":{"emulator":{"name":"functions"},"function":{"name":"api"},"message":"[runtime-status] [4960] Resolved module firebase-functions {\"declared\":true,\"installed\":true,\"version\":\"3.13.2\",\"resolution\":\"C:\\\\Users\\\\bates\\\\Desktop\\\\Veddit\\\\Veddit\\\\functions\\\\node_modules\\\\firebase-functions\\\\lib\\\\index.js\"}"}}
[debug] [2021-02-26T23:51:11.938Z] [runtime-status] [4960] Checked functions.config() {"config":{}} {"metadata":{"emulator":{"name":"functions"},"function":{"name":"api"},"message":"[runtime-status] [4960] Checked functions.config() {\"config\":{}}"}}
[debug] [2021-02-26T23:51:11.939Z] [runtime-status] [4960] firebase-functions has been stubbed. {"functionsResolution":{"declared":true,"installed":true,"version":"3.13.2","resolution":"C:\\Users\\bates\\Desktop\\Veddit\\Veddit\\functions\\node_modules\\firebase-functions\\lib\\index.js"}} {"metadata":{"emulator":{"name":"functions"},"function":{"name":"api"},"message":"[runtime-status] [4960] firebase-functions has been stubbed. {\"functionsResolution\":{\"declared\":true,\"installed\":true,\"version\":\"3.13.2\",\"resolution\":\"C:\\\\Users\\\\bates\\\\Desktop\\\\Veddit\\\\Veddit\\\\functions\\\\node_modules\\\\firebase-functions\\\\lib\\\\index.js\"}}"}}
[debug] [2021-02-26T23:51:11.939Z] [runtime-status] [4960] Resolved module firebase-functions {"declared":true,"installed":true,"version":"3.13.2","resolution":"C:\\Users\\bates\\Desktop\\Veddit\\Veddit\\functions\\node_modules\\firebase-functions\\lib\\index.js"} {"metadata":{"emulator":{"name":"functions"},"function":{"name":"api"},"message":"[runtime-status] [4960] Resolved module firebase-functions {\"declared\":true,\"installed\":true,\"version\":\"3.13.2\",\"resolution\":\"C:\\\\Users\\\\bates\\\\Desktop\\\\Veddit\\\\Veddit\\\\functions\\\\node_modules\\\\firebase-functions\\\\lib\\\\index.js\"}"}}
[debug] [2021-02-26T23:51:11.940Z] [runtime-status] [4960] Resolved module firebase-admin {"declared":true,"installed":true,"version":"9.5.0","resolution":"C:\\Users\\bates\\Desktop\\Veddit\\Veddit\\functions\\node_modules\\firebase-admin\\lib\\index.js"} {"metadata":{"emulator":{"name":"functions"},"function":{"name":"api"},"message":"[runtime-status] [4960] Resolved module firebase-admin {\"declared\":true,\"installed\":true,\"version\":\"9.5.0\",\"resolution\":\"C:\\\\Users\\\\bates\\\\Desktop\\\\Veddit\\\\Veddit\\\\functions\\\\node_modules\\\\firebase-admin\\\\lib\\\\index.js\"}"}}
[debug] [2021-02-26T23:51:11.940Z] [runtime-status] [4960] Resolved module firebase-functions {"declared":true,"installed":true,"version":"3.13.2","resolution":"C:\\Users\\bates\\Desktop\\Veddit\\Veddit\\functions\\node_modules\\firebase-functions\\lib\\index.js"} {"metadata":{"emulator":{"name":"functions"},"function":{"name":"api"},"message":"[runtime-status] [4960] Resolved module firebase-functions {\"declared\":true,\"installed\":true,\"version\":\"3.13.2\",\"resolution\":\"C:\\\\Users\\\\bates\\\\Desktop\\\\Veddit\\\\Veddit\\\\functions\\\\node_modules\\\\firebase-functions\\\\lib\\\\index.js\"}"}}
[debug] [2021-02-26T23:51:11.940Z] [runtime-status] [4960] firebase-admin has been stubbed. {"adminResolution":{"declared":true,"installed":true,"version":"9.5.0","resolution":"C:\\Users\\bates\\Desktop\\Veddit\\Veddit\\functions\\node_modules\\firebase-admin\\lib\\index.js"}} {"metadata":{"emulator":{"name":"functions"},"function":{"name":"api"},"message":"[runtime-status] [4960] firebase-admin has been stubbed. {\"adminResolution\":{\"declared\":true,\"installed\":true,\"version\":\"9.5.0\",\"resolution\":\"C:\\\\Users\\\\bates\\\\Desktop\\\\Veddit\\\\Veddit\\\\functions\\\\node_modules\\\\firebase-admin\\\\lib\\\\index.js\"}}"}}
[debug] [2021-02-26T23:51:11.942Z] [runtime-status] [4960] initializeApp(DEFAULT) {"storageBucket":"veddit-f1794.appspot.com","databaseURL":"https://veddit-f1794-default-rtdb.firebaseio.com","projectId":"veddit-f1794"} {"metadata":{"emulator":{"name":"functions"},"function":{"name":"api"},"message":"[runtime-status] [4960] initializeApp(DEFAULT) {\"storageBucket\":\"veddit-f1794.appspot.com\",\"databaseURL\":\"https://veddit-f1794-default-rtdb.firebaseio.com\",\"projectId\":\"veddit-f1794\"}"}}
[debug] [2021-02-26T23:51:12.037Z] [runtime-status] [4960] Trigger "api" has been found, beginning invocation! {"metadata":{"emulator":{"name":"functions"},"function":{"name":"api"},"message":"[runtime-status] [4960] Trigger \"api\" has been found, beginning invocation!"}}
[info] i  functions: Beginning execution of "api" {"metadata":{"emulator":{"name":"functions"},"function":{"name":"api"},"message":"Beginning execution of \"api\""}}
[debug] [2021-02-26T23:51:12.038Z] [runtime-status] [4960] triggerDefinition {"httpsTrigger":{},"name":"api","entryPoint":"api"} {"metadata":{"emulator":{"name":"functions"},"function":{"name":"api"},"message":"[runtime-status] [4960] triggerDefinition {\"httpsTrigger\":{},\"name\":\"api\",\"entryPoint\":\"api\"}"}}
[debug] [2021-02-26T23:51:12.038Z] [runtime-status] [4960] Running api in mode HTTPS {"metadata":{"emulator":{"name":"functions"},"function":{"name":"api"},"message":"[runtime-status] [4960] Running api in mode HTTPS"}}
[debug] [2021-02-26T23:51:12.040Z] [runtime-status] [4960] Attempting to listen to socketPath: \\?\pipe\C:\Users\bates\Desktop\Veddit\Veddit\functions\4960 {"metadata":{"emulator":{"name":"functions"},"function":{"name":"api"},"message":"[runtime-status] [4960] Attempting to listen to socketPath: \\\\?\\pipe\\C:\\Users\\bates\\Desktop\\Veddit\\Veddit\\functions\\4960"}}
[debug] [2021-02-26T23:51:12.044Z] [functions] Runtime ready! Sending request! {"metadata":{"emulator":{"name":"functions"},"message":"[functions] Runtime ready! Sending request!"}}
[debug] [2021-02-26T23:51:12.044Z] [functions] Got req.url=/veddit-f1794/us-central1/api/scream, mapping to path=/scream {"metadata":{"emulator":{"name":"functions"},"message":"[functions] Got req.url=/veddit-f1794/us-central1/api/scream, mapping to path=/scream"}}
[debug] [2021-02-26T23:51:12.194Z] [runtime-status] [4960] Ephemeral server handling POST request {"metadata":{"emulator":{"name":"functions"},"function":{"name":"api"},"message":"[runtime-status] [4960] Ephemeral server handling POST request"}}
[debug] [2021-02-26T23:51:12.199Z] [runtime-status] [4960] Ephemeral server survived. {"metadata":{"emulator":{"name":"functions"},"function":{"name":"api"},"message":"[runtime-status] [4960] Ephemeral server survived."}}
[info] i  functions: Finished "api" in ~1s {"metadata":{"emulator":{"name":"functions"},"function":{"name":"api"},"message":"Finished \"api\" in ~1s"}}
[debug] [2021-02-26T23:51:12.203Z] [worker-api-2577e91c-3df0-43ac-a90c-34db81db0613]: IDLE {"metadata":{"emulator":{"name":"functions"},"message":"[worker-api-2577e91c-3df0-43ac-a90c-34db81db0613]: IDLE"}}
[debug] [2021-02-26T23:51:12.204Z] [work-queue] {"queueLength":0,"workRunningCount":0}
[debug] [2021-02-26T23:54:24.044Z] [work-queue] {"queueLength":1,"workRunningCount":0}
[debug] [2021-02-26T23:54:24.044Z] [work-queue] {"queueLength":0,"workRunningCount":1}
[debug] [2021-02-26T23:54:24.044Z] Accepted request POST /veddit-f1794/us-central1/api/scream --> api
[debug] [2021-02-26T23:54:24.045Z] [worker-pool] submitWork(triggerId=api) {"metadata":{"emulator":{"name":"functions"},"message":"[worker-pool] submitWork(triggerId=api)"}}
[debug] [2021-02-26T23:54:24.045Z] [worker-api-2577e91c-3df0-43ac-a90c-34db81db0613]: Assigning socketPath: \\?\pipe\C:\Users\bates\Desktop\Veddit\Veddit\functions\4960 {"metadata":{"emulator":{"name":"functions"},"message":"[worker-api-2577e91c-3df0-43ac-a90c-34db81db0613]: Assigning socketPath: \\\\?\\pipe\\C:\\Users\\bates\\Desktop\\Veddit\\Veddit\\functions\\4960"}}
[debug] [2021-02-26T23:54:24.045Z] [worker-api-2577e91c-3df0-43ac-a90c-34db81db0613]: BUSY {"metadata":{"emulator":{"name":"functions"},"message":"[worker-api-2577e91c-3df0-43ac-a90c-34db81db0613]: BUSY"}}
[debug] [2021-02-26T23:54:24.046Z] [runtime-status] [4960] Trigger "api" has been found, beginning invocation! {"metadata":{"emulator":{"name":"functions"},"function":{"name":"api"},"message":"[runtime-status] [4960] Trigger \"api\" has been found, beginning invocation!"}}
[info] i  functions: Beginning execution of "api" {"metadata":{"emulator":{"name":"functions"},"function":{"name":"api"},"message":"Beginning execution of \"api\""}}
[debug] [2021-02-26T23:54:24.046Z] [runtime-status] [4960] triggerDefinition {"httpsTrigger":{},"name":"api","entryPoint":"api"} {"metadata":{"emulator":{"name":"functions"},"function":{"name":"api"},"message":"[runtime-status] [4960] triggerDefinition {\"httpsTrigger\":{},\"name\":\"api\",\"entryPoint\":\"api\"}"}}
[debug] [2021-02-26T23:54:24.046Z] [runtime-status] [4960] Running api in mode HTTPS {"metadata":{"emulator":{"name":"functions"},"function":{"name":"api"},"message":"[runtime-status] [4960] Running api in mode HTTPS"}}
[debug] [2021-02-26T23:54:24.047Z] [runtime-status] [4960] Attempting to listen to socketPath: \\?\pipe\C:\Users\bates\Desktop\Veddit\Veddit\functions\4960 {"metadata":{"emulator":{"name":"functions"},"function":{"name":"api"},"message":"[runtime-status] [4960] Attempting to listen to socketPath: \\\\?\\pipe\\C:\\Users\\bates\\Desktop\\Veddit\\Veddit\\functions\\4960"}}
[debug] [2021-02-26T23:54:24.048Z] [functions] Runtime ready! Sending request! {"metadata":{"emulator":{"name":"functions"},"message":"[functions] Runtime ready! Sending request!"}}
[debug] [2021-02-26T23:54:24.048Z] [functions] Got req.url=/veddit-f1794/us-central1/api/scream, mapping to path=/scream {"metadata":{"emulator":{"name":"functions"},"message":"[functions] Got req.url=/veddit-f1794/us-central1/api/scream, mapping to path=/scream"}}
[debug] [2021-02-26T23:54:24.051Z] [runtime-status] [4960] Ephemeral server handling POST request {"metadata":{"emulator":{"name":"functions"},"function":{"name":"api"},"message":"[runtime-status] [4960] Ephemeral server handling POST request"}}
[debug] [2021-02-26T23:54:24.052Z] [runtime-status] [4960] Ephemeral server survived. {"metadata":{"emulator":{"name":"functions"},"function":{"name":"api"},"message":"[runtime-status] [4960] Ephemeral server survived."}}
[info] i  functions: Finished "api" in ~1s {"metadata":{"emulator":{"name":"functions"},"function":{"name":"api"},"message":"Finished \"api\" in ~1s"}}
[debug] [2021-02-26T23:54:24.053Z] [worker-api-2577e91c-3df0-43ac-a90c-34db81db0613]: IDLE {"metadata":{"emulator":{"name":"functions"},"message":"[worker-api-2577e91c-3df0-43ac-a90c-34db81db0613]: IDLE"}}
[debug] [2021-02-26T23:54:24.053Z] [work-queue] {"queueLength":0,"workRunningCount":0}
[debug] [2021-02-26T23:56:33.115Z] [work-queue] {"queueLength":1,"workRunningCount":0}
[debug] [2021-02-26T23:56:33.115Z] [work-queue] {"queueLength":0,"workRunningCount":1}
[debug] [2021-02-26T23:56:33.115Z] Accepted request POST /veddit-f1794/us-central1/api/scream --> api
[debug] [2021-02-26T23:56:33.116Z] [worker-pool] submitWork(triggerId=api) {"metadata":{"emulator":{"name":"functions"},"message":"[worker-pool] submitWork(triggerId=api)"}}
[debug] [2021-02-26T23:56:33.116Z] [worker-api-2577e91c-3df0-43ac-a90c-34db81db0613]: Assigning socketPath: \\?\pipe\C:\Users\bates\Desktop\Veddit\Veddit\functions\4960 {"metadata":{"emulator":{"name":"functions"},"message":"[worker-api-2577e91c-3df0-43ac-a90c-34db81db0613]: Assigning socketPath: \\\\?\\pipe\\C:\\Users\\bates\\Desktop\\Veddit\\Veddit\\functions\\4960"}}
[debug] [2021-02-26T23:56:33.116Z] [worker-api-2577e91c-3df0-43ac-a90c-34db81db0613]: BUSY {"metadata":{"emulator":{"name":"functions"},"message":"[worker-api-2577e91c-3df0-43ac-a90c-34db81db0613]: BUSY"}}
[debug] [2021-02-26T23:56:33.116Z] [runtime-status] [4960] Trigger "api" has been found, beginning invocation! {"metadata":{"emulator":{"name":"functions"},"function":{"name":"api"},"message":"[runtime-status] [4960] Trigger \"api\" has been found, beginning invocation!"}}
[info] i  functions: Beginning execution of "api" {"metadata":{"emulator":{"name":"functions"},"function":{"name":"api"},"message":"Beginning execution of \"api\""}}
[debug] [2021-02-26T23:56:33.117Z] [runtime-status] [4960] triggerDefinition {"httpsTrigger":{},"name":"api","entryPoint":"api"} {"metadata":{"emulator":{"name":"functions"},"function":{"name":"api"},"message":"[runtime-status] [4960] triggerDefinition {\"httpsTrigger\":{},\"name\":\"api\",\"entryPoint\":\"api\"}"}}
[debug] [2021-02-26T23:56:33.117Z] [runtime-status] [4960] Running api in mode HTTPS {"metadata":{"emulator":{"name":"functions"},"function":{"name":"api"},"message":"[runtime-status] [4960] Running api in mode HTTPS"}}
[debug] [2021-02-26T23:56:33.117Z] [runtime-status] [4960] Attempting to listen to socketPath: \\?\pipe\C:\Users\bates\Desktop\Veddit\Veddit\functions\4960 {"metadata":{"emulator":{"name":"functions"},"function":{"name":"api"},"message":"[runtime-status] [4960] Attempting to listen to socketPath: \\\\?\\pipe\\C:\\Users\\bates\\Desktop\\Veddit\\Veddit\\functions\\4960"}}
[debug] [2021-02-26T23:56:33.118Z] [functions] Runtime ready! Sending request! {"metadata":{"emulator":{"name":"functions"},"message":"[functions] Runtime ready! Sending request!"}}
[debug] [2021-02-26T23:56:33.119Z] [functions] Got req.url=/veddit-f1794/us-central1/api/scream, mapping to path=/scream {"metadata":{"emulator":{"name":"functions"},"message":"[functions] Got req.url=/veddit-f1794/us-central1/api/scream, mapping to path=/scream"}}
[debug] [2021-02-26T23:56:33.124Z] [runtime-status] [4960] Ephemeral server handling POST request {"metadata":{"emulator":{"name":"functions"},"function":{"name":"api"},"message":"[runtime-status] [4960] Ephemeral server handling POST request"}}
[debug] [2021-02-26T23:56:33.125Z] [runtime-status] [4960] Ephemeral server survived. {"metadata":{"emulator":{"name":"functions"},"function":{"name":"api"},"message":"[runtime-status] [4960] Ephemeral server survived."}}
[info] i  functions: Finished "api" in ~1s {"metadata":{"emulator":{"name":"functions"},"function":{"name":"api"},"message":"Finished \"api\" in ~1s"}}
[debug] [2021-02-26T23:56:33.126Z] [worker-api-2577e91c-3df0-43ac-a90c-34db81db0613]: IDLE {"metadata":{"emulator":{"name":"functions"},"message":"[worker-api-2577e91c-3df0-43ac-a90c-34db81db0613]: IDLE"}}
[debug] [2021-02-26T23:56:33.126Z] [work-queue] {"queueLength":0,"workRunningCount":0}
[debug] [2021-02-27T00:02:55.488Z] File C:\Users\bates\Desktop\Veddit\Veddit\functions\index.js changed, reloading triggers {"metadata":{"emulator":{"name":"functions"},"message":"File C:\\Users\\bates\\Desktop\\Veddit\\Veddit\\functions\\index.js changed, reloading triggers"}}
[debug] [2021-02-27T00:02:56.489Z] [worker-pool] Shutting down IDLE worker (~diagnostic~) {"metadata":{"emulator":{"name":"functions"},"message":"[worker-pool] Shutting down IDLE worker (~diagnostic~)"}}
[debug] [2021-02-27T00:02:56.489Z] [worker-~diagnostic~-2b824844-d68e-42cd-9fad-40444f05a3ec]: FINISHING {"metadata":{"emulator":{"name":"functions"},"message":"[worker-~diagnostic~-2b824844-d68e-42cd-9fad-40444f05a3ec]: FINISHING"}}
[debug] [2021-02-27T00:02:56.490Z] [worker-pool] Shutting down IDLE worker (api) {"metadata":{"emulator":{"name":"functions"},"message":"[worker-pool] Shutting down IDLE worker (api)"}}
[debug] [2021-02-27T00:02:56.490Z] [worker-api-2577e91c-3df0-43ac-a90c-34db81db0613]: FINISHING {"metadata":{"emulator":{"name":"functions"},"message":"[worker-api-2577e91c-3df0-43ac-a90c-34db81db0613]: FINISHING"}}
[debug] [2021-02-27T00:02:56.498Z] [worker-pool] addWorker(~diagnostic~) {"metadata":{"emulator":{"name":"functions"},"message":"[worker-pool] addWorker(~diagnostic~)"}}
[debug] [2021-02-27T00:02:56.498Z] [worker-pool] Adding worker with key ~diagnostic~, total=2 {"metadata":{"emulator":{"name":"functions"},"message":"[worker-pool] Adding worker with key ~diagnostic~, total=2"}}
[debug] [2021-02-27T00:02:56.498Z] [worker-pool] submitWork(triggerId=) {"metadata":{"emulator":{"name":"functions"},"message":"[worker-pool] submitWork(triggerId=)"}}
[debug] [2021-02-27T00:02:56.498Z] [worker-~diagnostic~-d2567e37-a008-4330-a623-f5bb193ee587]: Assigning socketPath: \\?\pipe\C:\Users\bates\Desktop\Veddit\Veddit\functions\13908 {"metadata":{"emulator":{"name":"functions"},"message":"[worker-~diagnostic~-d2567e37-a008-4330-a623-f5bb193ee587]: Assigning socketPath: \\\\?\\pipe\\C:\\Users\\bates\\Desktop\\Veddit\\Veddit\\functions\\13908"}}
[debug] [2021-02-27T00:02:56.499Z] [worker-~diagnostic~-d2567e37-a008-4330-a623-f5bb193ee587]: BUSY {"metadata":{"emulator":{"name":"functions"},"message":"[worker-~diagnostic~-d2567e37-a008-4330-a623-f5bb193ee587]: BUSY"}}
[debug] [2021-02-27T00:02:56.500Z] [worker-~diagnostic~-2b824844-d68e-42cd-9fad-40444f05a3ec]: exited {"metadata":{"emulator":{"name":"functions"},"message":"[worker-~diagnostic~-2b824844-d68e-42cd-9fad-40444f05a3ec]: exited"}}
[debug] [2021-02-27T00:02:56.501Z] [worker-~diagnostic~-2b824844-d68e-42cd-9fad-40444f05a3ec]: FINISHED {"metadata":{"emulator":{"name":"functions"},"message":"[worker-~diagnostic~-2b824844-d68e-42cd-9fad-40444f05a3ec]: FINISHED"}}
[debug] [2021-02-27T00:02:56.501Z] [worker-api-2577e91c-3df0-43ac-a90c-34db81db0613]: exited {"metadata":{"emulator":{"name":"functions"},"message":"[worker-api-2577e91c-3df0-43ac-a90c-34db81db0613]: exited"}}
[debug] [2021-02-27T00:02:56.501Z] [worker-api-2577e91c-3df0-43ac-a90c-34db81db0613]: FINISHED {"metadata":{"emulator":{"name":"functions"},"message":"[worker-api-2577e91c-3df0-43ac-a90c-34db81db0613]: FINISHED"}}
[debug] [2021-02-27T00:02:56.691Z] [runtime-status] [13908] Functions runtime initialized. {"cwd":"C:\\Users\\bates\\Desktop\\Veddit\\Veddit\\functions","node_version":"15.10.0"} {"metadata":{"emulator":{"name":"functions"},"message":"[runtime-status] [13908] Functions runtime initialized. {\"cwd\":\"C:\\\\Users\\\\bates\\\\Desktop\\\\Veddit\\\\Veddit\\\\functions\",\"node_version\":\"15.10.0\"}"}}
[debug] [2021-02-27T00:02:56.692Z] [runtime-status] [13908] Disabled runtime features: undefined {"metadata":{"emulator":{"name":"functions"},"message":"[runtime-status] [13908] Disabled runtime features: undefined"}}
[debug] [2021-02-27T00:02:56.696Z] [runtime-status] [13908] Resolved module firebase-admin {"declared":true,"installed":true,"version":"9.5.0","resolution":"C:\\Users\\bates\\Desktop\\Veddit\\Veddit\\functions\\node_modules\\firebase-admin\\lib\\index.js"} {"metadata":{"emulator":{"name":"functions"},"message":"[runtime-status] [13908] Resolved module firebase-admin {\"declared\":true,\"installed\":true,\"version\":\"9.5.0\",\"resolution\":\"C:\\\\Users\\\\bates\\\\Desktop\\\\Veddit\\\\Veddit\\\\functions\\\\node_modules\\\\firebase-admin\\\\lib\\\\index.js\"}"}}
[debug] [2021-02-27T00:02:56.698Z] [runtime-status] [13908] Resolved module firebase-functions {"declared":true,"installed":true,"version":"3.13.2","resolution":"C:\\Users\\bates\\Desktop\\Veddit\\Veddit\\functions\\node_modules\\firebase-functions\\lib\\index.js"} {"metadata":{"emulator":{"name":"functions"},"message":"[runtime-status] [13908] Resolved module firebase-functions {\"declared\":true,\"installed\":true,\"version\":\"3.13.2\",\"resolution\":\"C:\\\\Users\\\\bates\\\\Desktop\\\\Veddit\\\\Veddit\\\\functions\\\\node_modules\\\\firebase-functions\\\\lib\\\\index.js\"}"}}
[debug] [2021-02-27T00:02:56.700Z] [runtime-status] [13908] Resolved module firebase-functions {"declared":true,"installed":true,"version":"3.13.2","resolution":"C:\\Users\\bates\\Desktop\\Veddit\\Veddit\\functions\\node_modules\\firebase-functions\\lib\\index.js"} {"metadata":{"emulator":{"name":"functions"},"message":"[runtime-status] [13908] Resolved module firebase-functions {\"declared\":true,\"installed\":true,\"version\":\"3.13.2\",\"resolution\":\"C:\\\\Users\\\\bates\\\\Desktop\\\\Veddit\\\\Veddit\\\\functions\\\\node_modules\\\\firebase-functions\\\\lib\\\\index.js\"}"}}
[debug] [2021-02-27T00:02:56.702Z] [runtime-status] [13908] Outgoing network have been stubbed. [{"name":"http","status":"mocked"},{"name":"http","status":"mocked"},{"name":"https","status":"mocked"},{"name":"https","status":"mocked"},{"name":"net","status":"mocked"}] {"metadata":{"emulator":{"name":"functions"},"message":"[runtime-status] [13908] Outgoing network have been stubbed. [{\"name\":\"http\",\"status\":\"mocked\"},{\"name\":\"http\",\"status\":\"mocked\"},{\"name\":\"https\",\"status\":\"mocked\"},{\"name\":\"https\",\"status\":\"mocked\"},{\"name\":\"net\",\"status\":\"mocked\"}]"}}
[debug] [2021-02-27T00:02:56.703Z] [runtime-status] [13908] Resolved module firebase-functions {"declared":true,"installed":true,"version":"3.13.2","resolution":"C:\\Users\\bates\\Desktop\\Veddit\\Veddit\\functions\\node_modules\\firebase-functions\\lib\\index.js"} {"metadata":{"emulator":{"name":"functions"},"message":"[runtime-status] [13908] Resolved module firebase-functions {\"declared\":true,\"installed\":true,\"version\":\"3.13.2\",\"resolution\":\"C:\\\\Users\\\\bates\\\\Desktop\\\\Veddit\\\\Veddit\\\\functions\\\\node_modules\\\\firebase-functions\\\\lib\\\\index.js\"}"}}
[debug] [2021-02-27T00:02:56.728Z] File C:\Users\bates\Desktop\Veddit\Veddit\functions\index.js changed, reloading triggers {"metadata":{"emulator":{"name":"functions"},"message":"File C:\\Users\\bates\\Desktop\\Veddit\\Veddit\\functions\\index.js changed, reloading triggers"}}
[debug] [2021-02-27T00:02:56.761Z] [runtime-status] [13908] Checked functions.config() {"config":{}} {"metadata":{"emulator":{"name":"functions"},"message":"[runtime-status] [13908] Checked functions.config() {\"config\":{}}"}}
[debug] [2021-02-27T00:02:56.762Z] [runtime-status] [13908] firebase-functions has been stubbed. {"functionsResolution":{"declared":true,"installed":true,"version":"3.13.2","resolution":"C:\\Users\\bates\\Desktop\\Veddit\\Veddit\\functions\\node_modules\\firebase-functions\\lib\\index.js"}} {"metadata":{"emulator":{"name":"functions"},"message":"[runtime-status] [13908] firebase-functions has been stubbed. {\"functionsResolution\":{\"declared\":true,\"installed\":true,\"version\":\"3.13.2\",\"resolution\":\"C:\\\\Users\\\\bates\\\\Desktop\\\\Veddit\\\\Veddit\\\\functions\\\\node_modules\\\\firebase-functions\\\\lib\\\\index.js\"}}"}}
[debug] [2021-02-27T00:02:56.762Z] [runtime-status] [13908] Resolved module firebase-functions {"declared":true,"installed":true,"version":"3.13.2","resolution":"C:\\Users\\bates\\Desktop\\Veddit\\Veddit\\functions\\node_modules\\firebase-functions\\lib\\index.js"} {"metadata":{"emulator":{"name":"functions"},"message":"[runtime-status] [13908] Resolved module firebase-functions {\"declared\":true,\"installed\":true,\"version\":\"3.13.2\",\"resolution\":\"C:\\\\Users\\\\bates\\\\Desktop\\\\Veddit\\\\Veddit\\\\functions\\\\node_modules\\\\firebase-functions\\\\lib\\\\index.js\"}"}}
[debug] [2021-02-27T00:02:56.764Z] [runtime-status] [13908] Resolved module firebase-admin {"declared":true,"installed":true,"version":"9.5.0","resolution":"C:\\Users\\bates\\Desktop\\Veddit\\Veddit\\functions\\node_modules\\firebase-admin\\lib\\index.js"} {"metadata":{"emulator":{"name":"functions"},"message":"[runtime-status] [13908] Resolved module firebase-admin {\"declared\":true,\"installed\":true,\"version\":\"9.5.0\",\"resolution\":\"C:\\\\Users\\\\bates\\\\Desktop\\\\Veddit\\\\Veddit\\\\functions\\\\node_modules\\\\firebase-admin\\\\lib\\\\index.js\"}"}}
[debug] [2021-02-27T00:02:56.765Z] [runtime-status] [13908] Resolved module firebase-functions {"declared":true,"installed":true,"version":"3.13.2","resolution":"C:\\Users\\bates\\Desktop\\Veddit\\Veddit\\functions\\node_modules\\firebase-functions\\lib\\index.js"} {"metadata":{"emulator":{"name":"functions"},"message":"[runtime-status] [13908] Resolved module firebase-functions {\"declared\":true,\"installed\":true,\"version\":\"3.13.2\",\"resolution\":\"C:\\\\Users\\\\bates\\\\Desktop\\\\Veddit\\\\Veddit\\\\functions\\\\node_modules\\\\firebase-functions\\\\lib\\\\index.js\"}"}}
[debug] [2021-02-27T00:02:56.765Z] [runtime-status] [13908] firebase-admin has been stubbed. {"adminResolution":{"declared":true,"installed":true,"version":"9.5.0","resolution":"C:\\Users\\bates\\Desktop\\Veddit\\Veddit\\functions\\node_modules\\firebase-admin\\lib\\index.js"}} {"metadata":{"emulator":{"name":"functions"},"message":"[runtime-status] [13908] firebase-admin has been stubbed. {\"adminResolution\":{\"declared\":true,\"installed\":true,\"version\":\"9.5.0\",\"resolution\":\"C:\\\\Users\\\\bates\\\\Desktop\\\\Veddit\\\\Veddit\\\\functions\\\\node_modules\\\\firebase-admin\\\\lib\\\\index.js\"}}"}}
[debug] [2021-02-27T00:02:56.768Z] [runtime-status] [13908] initializeApp(DEFAULT) {"storageBucket":"veddit-f1794.appspot.com","databaseURL":"https://veddit-f1794-default-rtdb.firebaseio.com","projectId":"veddit-f1794"} {"metadata":{"emulator":{"name":"functions"},"message":"[runtime-status] [13908] initializeApp(DEFAULT) {\"storageBucket\":\"veddit-f1794.appspot.com\",\"databaseURL\":\"https://veddit-f1794-default-rtdb.firebaseio.com\",\"projectId\":\"veddit-f1794\"}"}}
[debug] [2021-02-27T00:02:56.890Z] [worker-~diagnostic~-d2567e37-a008-4330-a623-f5bb193ee587]: IDLE {"metadata":{"emulator":{"name":"functions"},"message":"[worker-~diagnostic~-d2567e37-a008-4330-a623-f5bb193ee587]: IDLE"}}
[debug] [2021-02-27T00:02:57.730Z] [worker-pool] Shutting down IDLE worker (~diagnostic~) {"metadata":{"emulator":{"name":"functions"},"message":"[worker-pool] Shutting down IDLE worker (~diagnostic~)"}}
[debug] [2021-02-27T00:02:57.730Z] [worker-~diagnostic~-d2567e37-a008-4330-a623-f5bb193ee587]: FINISHING {"metadata":{"emulator":{"name":"functions"},"message":"[worker-~diagnostic~-d2567e37-a008-4330-a623-f5bb193ee587]: FINISHING"}}
[debug] [2021-02-27T00:02:57.730Z] [worker-pool] Cleaned up workers for ~diagnostic~: 2 --> 1 {"metadata":{"emulator":{"name":"functions"},"message":"[worker-pool] Cleaned up workers for ~diagnostic~: 2 --> 1"}}
[debug] [2021-02-27T00:02:57.730Z] [worker-pool] Cleaned up workers for api: 1 --> 0 {"metadata":{"emulator":{"name":"functions"},"message":"[worker-pool] Cleaned up workers for api: 1 --> 0"}}
[debug] [2021-02-27T00:02:57.735Z] [worker-pool] addWorker(~diagnostic~) {"metadata":{"emulator":{"name":"functions"},"message":"[worker-pool] addWorker(~diagnostic~)"}}
[debug] [2021-02-27T00:02:57.736Z] [worker-pool] Adding worker with key ~diagnostic~, total=2 {"metadata":{"emulator":{"name":"functions"},"message":"[worker-pool] Adding worker with key ~diagnostic~, total=2"}}
[debug] [2021-02-27T00:02:57.736Z] [worker-pool] submitWork(triggerId=) {"metadata":{"emulator":{"name":"functions"},"message":"[worker-pool] submitWork(triggerId=)"}}
[debug] [2021-02-27T00:02:57.736Z] [worker-~diagnostic~-daee0eca-2200-4e7d-a256-5e3c991072cc]: Assigning socketPath: \\?\pipe\C:\Users\bates\Desktop\Veddit\Veddit\functions\12428 {"metadata":{"emulator":{"name":"functions"},"message":"[worker-~diagnostic~-daee0eca-2200-4e7d-a256-5e3c991072cc]: Assigning socketPath: \\\\?\\pipe\\C:\\Users\\bates\\Desktop\\Veddit\\Veddit\\functions\\12428"}}
[debug] [2021-02-27T00:02:57.736Z] [worker-~diagnostic~-daee0eca-2200-4e7d-a256-5e3c991072cc]: BUSY {"metadata":{"emulator":{"name":"functions"},"message":"[worker-~diagnostic~-daee0eca-2200-4e7d-a256-5e3c991072cc]: BUSY"}}
[debug] [2021-02-27T00:02:57.740Z] [worker-~diagnostic~-d2567e37-a008-4330-a623-f5bb193ee587]: exited {"metadata":{"emulator":{"name":"functions"},"message":"[worker-~diagnostic~-d2567e37-a008-4330-a623-f5bb193ee587]: exited"}}
[debug] [2021-02-27T00:02:57.741Z] [worker-~diagnostic~-d2567e37-a008-4330-a623-f5bb193ee587]: FINISHED {"metadata":{"emulator":{"name":"functions"},"message":"[worker-~diagnostic~-d2567e37-a008-4330-a623-f5bb193ee587]: FINISHED"}}
[debug] [2021-02-27T00:02:57.906Z] [runtime-status] [12428] Functions runtime initialized. {"cwd":"C:\\Users\\bates\\Desktop\\Veddit\\Veddit\\functions","node_version":"15.10.0"} {"metadata":{"emulator":{"name":"functions"},"message":"[runtime-status] [12428] Functions runtime initialized. {\"cwd\":\"C:\\\\Users\\\\bates\\\\Desktop\\\\Veddit\\\\Veddit\\\\functions\",\"node_version\":\"15.10.0\"}"}}
[debug] [2021-02-27T00:02:57.907Z] [runtime-status] [12428] Disabled runtime features: undefined {"metadata":{"emulator":{"name":"functions"},"message":"[runtime-status] [12428] Disabled runtime features: undefined"}}
[debug] [2021-02-27T00:02:57.911Z] [runtime-status] [12428] Resolved module firebase-admin {"declared":true,"installed":true,"version":"9.5.0","resolution":"C:\\Users\\bates\\Desktop\\Veddit\\Veddit\\functions\\node_modules\\firebase-admin\\lib\\index.js"} {"metadata":{"emulator":{"name":"functions"},"message":"[runtime-status] [12428] Resolved module firebase-admin {\"declared\":true,\"installed\":true,\"version\":\"9.5.0\",\"resolution\":\"C:\\\\Users\\\\bates\\\\Desktop\\\\Veddit\\\\Veddit\\\\functions\\\\node_modules\\\\firebase-admin\\\\lib\\\\index.js\"}"}}
[debug] [2021-02-27T00:02:57.913Z] [runtime-status] [12428] Resolved module firebase-functions {"declared":true,"installed":true,"version":"3.13.2","resolution":"C:\\Users\\bates\\Desktop\\Veddit\\Veddit\\functions\\node_modules\\firebase-functions\\lib\\index.js"} {"metadata":{"emulator":{"name":"functions"},"message":"[runtime-status] [12428] Resolved module firebase-functions {\"declared\":true,\"installed\":true,\"version\":\"3.13.2\",\"resolution\":\"C:\\\\Users\\\\bates\\\\Desktop\\\\Veddit\\\\Veddit\\\\functions\\\\node_modules\\\\firebase-functions\\\\lib\\\\index.js\"}"}}
[debug] [2021-02-27T00:02:57.914Z] [runtime-status] [12428] Resolved module firebase-functions {"declared":true,"installed":true,"version":"3.13.2","resolution":"C:\\Users\\bates\\Desktop\\Veddit\\Veddit\\functions\\node_modules\\firebase-functions\\lib\\index.js"} {"metadata":{"emulator":{"name":"functions"},"message":"[runtime-status] [12428] Resolved module firebase-functions {\"declared\":true,\"installed\":true,\"version\":\"3.13.2\",\"resolution\":\"C:\\\\Users\\\\bates\\\\Desktop\\\\Veddit\\\\Veddit\\\\functions\\\\node_modules\\\\firebase-functions\\\\lib\\\\index.js\"}"}}
[debug] [2021-02-27T00:02:57.916Z] [runtime-status] [12428] Outgoing network have been stubbed. [{"name":"http","status":"mocked"},{"name":"http","status":"mocked"},{"name":"https","status":"mocked"},{"name":"https","status":"mocked"},{"name":"net","status":"mocked"}] {"metadata":{"emulator":{"name":"functions"},"message":"[runtime-status] [12428] Outgoing network have been stubbed. [{\"name\":\"http\",\"status\":\"mocked\"},{\"name\":\"http\",\"status\":\"mocked\"},{\"name\":\"https\",\"status\":\"mocked\"},{\"name\":\"https\",\"status\":\"mocked\"},{\"name\":\"net\",\"status\":\"mocked\"}]"}}
[debug] [2021-02-27T00:02:57.917Z] [runtime-status] [12428] Resolved module firebase-functions {"declared":true,"installed":true,"version":"3.13.2","resolution":"C:\\Users\\bates\\Desktop\\Veddit\\Veddit\\functions\\node_modules\\firebase-functions\\lib\\index.js"} {"metadata":{"emulator":{"name":"functions"},"message":"[runtime-status] [12428] Resolved module firebase-functions {\"declared\":true,\"installed\":true,\"version\":\"3.13.2\",\"resolution\":\"C:\\\\Users\\\\bates\\\\Desktop\\\\Veddit\\\\Veddit\\\\functions\\\\node_modules\\\\firebase-functions\\\\lib\\\\index.js\"}"}}
[debug] [2021-02-27T00:02:57.962Z] [runtime-status] [12428] Checked functions.config() {"config":{}} {"metadata":{"emulator":{"name":"functions"},"message":"[runtime-status] [12428] Checked functions.config() {\"config\":{}}"}}
[debug] [2021-02-27T00:02:57.963Z] [runtime-status] [12428] firebase-functions has been stubbed. {"functionsResolution":{"declared":true,"installed":true,"version":"3.13.2","resolution":"C:\\Users\\bates\\Desktop\\Veddit\\Veddit\\functions\\node_modules\\firebase-functions\\lib\\index.js"}} {"metadata":{"emulator":{"name":"functions"},"message":"[runtime-status] [12428] firebase-functions has been stubbed. {\"functionsResolution\":{\"declared\":true,\"installed\":true,\"version\":\"3.13.2\",\"resolution\":\"C:\\\\Users\\\\bates\\\\Desktop\\\\Veddit\\\\Veddit\\\\functions\\\\node_modules\\\\firebase-functions\\\\lib\\\\index.js\"}}"}}
[debug] [2021-02-27T00:02:57.963Z] [runtime-status] [12428] Resolved module firebase-functions {"declared":true,"installed":true,"version":"3.13.2","resolution":"C:\\Users\\bates\\Desktop\\Veddit\\Veddit\\functions\\node_modules\\firebase-functions\\lib\\index.js"} {"metadata":{"emulator":{"name":"functions"},"message":"[runtime-status] [12428] Resolved module firebase-functions {\"declared\":true,\"installed\":true,\"version\":\"3.13.2\",\"resolution\":\"C:\\\\Users\\\\bates\\\\Desktop\\\\Veddit\\\\Veddit\\\\functions\\\\node_modules\\\\firebase-functions\\\\lib\\\\index.js\"}"}}
[debug] [2021-02-27T00:02:57.964Z] [runtime-status] [12428] Resolved module firebase-admin {"declared":true,"installed":true,"version":"9.5.0","resolution":"C:\\Users\\bates\\Desktop\\Veddit\\Veddit\\functions\\node_modules\\firebase-admin\\lib\\index.js"} {"metadata":{"emulator":{"name":"functions"},"message":"[runtime-status] [12428] Resolved module firebase-admin {\"declared\":true,\"installed\":true,\"version\":\"9.5.0\",\"resolution\":\"C:\\\\Users\\\\bates\\\\Desktop\\\\Veddit\\\\Veddit\\\\functions\\\\node_modules\\\\firebase-admin\\\\lib\\\\index.js\"}"}}
[debug] [2021-02-27T00:02:57.965Z] [runtime-status] [12428] Resolved module firebase-functions {"declared":true,"installed":true,"version":"3.13.2","resolution":"C:\\Users\\bates\\Desktop\\Veddit\\Veddit\\functions\\node_modules\\firebase-functions\\lib\\index.js"} {"metadata":{"emulator":{"name":"functions"},"message":"[runtime-status] [12428] Resolved module firebase-functions {\"declared\":true,\"installed\":true,\"version\":\"3.13.2\",\"resolution\":\"C:\\\\Users\\\\bates\\\\Desktop\\\\Veddit\\\\Veddit\\\\functions\\\\node_modules\\\\firebase-functions\\\\lib\\\\index.js\"}"}}
[debug] [2021-02-27T00:02:57.965Z] [runtime-status] [12428] firebase-admin has been stubbed. {"adminResolution":{"declared":true,"installed":true,"version":"9.5.0","resolution":"C:\\Users\\bates\\Desktop\\Veddit\\Veddit\\functions\\node_modules\\firebase-admin\\lib\\index.js"}} {"metadata":{"emulator":{"name":"functions"},"message":"[runtime-status] [12428] firebase-admin has been stubbed. {\"adminResolution\":{\"declared\":true,\"installed\":true,\"version\":\"9.5.0\",\"resolution\":\"C:\\\\Users\\\\bates\\\\Desktop\\\\Veddit\\\\Veddit\\\\functions\\\\node_modules\\\\firebase-admin\\\\lib\\\\index.js\"}}"}}
[debug] [2021-02-27T00:02:57.969Z] [runtime-status] [12428] initializeApp(DEFAULT) {"storageBucket":"veddit-f1794.appspot.com","databaseURL":"https://veddit-f1794-default-rtdb.firebaseio.com","projectId":"veddit-f1794"} {"metadata":{"emulator":{"name":"functions"},"message":"[runtime-status] [12428] initializeApp(DEFAULT) {\"storageBucket\":\"veddit-f1794.appspot.com\",\"databaseURL\":\"https://veddit-f1794-default-rtdb.firebaseio.com\",\"projectId\":\"veddit-f1794\"}"}}
[debug] [2021-02-27T00:02:58.137Z] [worker-~diagnostic~-daee0eca-2200-4e7d-a256-5e3c991072cc]: IDLE {"metadata":{"emulator":{"name":"functions"},"message":"[worker-~diagnostic~-daee0eca-2200-4e7d-a256-5e3c991072cc]: IDLE"}}
[debug] [2021-02-27T00:07:13.185Z] File C:\Users\bates\Desktop\Veddit\Veddit\functions\index.js changed, reloading triggers {"metadata":{"emulator":{"name":"functions"},"message":"File C:\\Users\\bates\\Desktop\\Veddit\\Veddit\\functions\\index.js changed, reloading triggers"}}
[debug] [2021-02-27T00:07:14.093Z] File C:\Users\bates\Desktop\Veddit\Veddit\functions\index.js changed, reloading triggers {"metadata":{"emulator":{"name":"functions"},"message":"File C:\\Users\\bates\\Desktop\\Veddit\\Veddit\\functions\\index.js changed, reloading triggers"}}
[debug] [2021-02-27T00:07:15.094Z] [worker-pool] Shutting down IDLE worker (~diagnostic~) {"metadata":{"emulator":{"name":"functions"},"message":"[worker-pool] Shutting down IDLE worker (~diagnostic~)"}}
[debug] [2021-02-27T00:07:15.094Z] [worker-~diagnostic~-daee0eca-2200-4e7d-a256-5e3c991072cc]: FINISHING {"metadata":{"emulator":{"name":"functions"},"message":"[worker-~diagnostic~-daee0eca-2200-4e7d-a256-5e3c991072cc]: FINISHING"}}
[debug] [2021-02-27T00:07:15.094Z] [worker-pool] Cleaned up workers for ~diagnostic~: 2 --> 1 {"metadata":{"emulator":{"name":"functions"},"message":"[worker-pool] Cleaned up workers for ~diagnostic~: 2 --> 1"}}
[debug] [2021-02-27T00:07:15.100Z] [worker-pool] addWorker(~diagnostic~) {"metadata":{"emulator":{"name":"functions"},"message":"[worker-pool] addWorker(~diagnostic~)"}}
[debug] [2021-02-27T00:07:15.100Z] [worker-pool] Adding worker with key ~diagnostic~, total=2 {"metadata":{"emulator":{"name":"functions"},"message":"[worker-pool] Adding worker with key ~diagnostic~, total=2"}}
[debug] [2021-02-27T00:07:15.100Z] [worker-pool] submitWork(triggerId=) {"metadata":{"emulator":{"name":"functions"},"message":"[worker-pool] submitWork(triggerId=)"}}
[debug] [2021-02-27T00:07:15.100Z] [worker-~diagnostic~-338f2920-a9f9-49d9-9328-099f2c463572]: Assigning socketPath: \\?\pipe\C:\Users\bates\Desktop\Veddit\Veddit\functions\7464 {"metadata":{"emulator":{"name":"functions"},"message":"[worker-~diagnostic~-338f2920-a9f9-49d9-9328-099f2c463572]: Assigning socketPath: \\\\?\\pipe\\C:\\Users\\bates\\Desktop\\Veddit\\Veddit\\functions\\7464"}}
[debug] [2021-02-27T00:07:15.101Z] [worker-~diagnostic~-338f2920-a9f9-49d9-9328-099f2c463572]: BUSY {"metadata":{"emulator":{"name":"functions"},"message":"[worker-~diagnostic~-338f2920-a9f9-49d9-9328-099f2c463572]: BUSY"}}
[debug] [2021-02-27T00:07:15.102Z] [worker-~diagnostic~-daee0eca-2200-4e7d-a256-5e3c991072cc]: exited {"metadata":{"emulator":{"name":"functions"},"message":"[worker-~diagnostic~-daee0eca-2200-4e7d-a256-5e3c991072cc]: exited"}}
[debug] [2021-02-27T00:07:15.102Z] [worker-~diagnostic~-daee0eca-2200-4e7d-a256-5e3c991072cc]: FINISHED {"metadata":{"emulator":{"name":"functions"},"message":"[worker-~diagnostic~-daee0eca-2200-4e7d-a256-5e3c991072cc]: FINISHED"}}
[debug] [2021-02-27T00:07:15.309Z] [runtime-status] [7464] Functions runtime initialized. {"cwd":"C:\\Users\\bates\\Desktop\\Veddit\\Veddit\\functions","node_version":"15.10.0"} {"metadata":{"emulator":{"name":"functions"},"message":"[runtime-status] [7464] Functions runtime initialized. {\"cwd\":\"C:\\\\Users\\\\bates\\\\Desktop\\\\Veddit\\\\Veddit\\\\functions\",\"node_version\":\"15.10.0\"}"}}
[debug] [2021-02-27T00:07:15.311Z] [runtime-status] [7464] Disabled runtime features: undefined {"metadata":{"emulator":{"name":"functions"},"message":"[runtime-status] [7464] Disabled runtime features: undefined"}}
[debug] [2021-02-27T00:07:15.316Z] [runtime-status] [7464] Resolved module firebase-admin {"declared":true,"installed":true,"version":"9.5.0","resolution":"C:\\Users\\bates\\Desktop\\Veddit\\Veddit\\functions\\node_modules\\firebase-admin\\lib\\index.js"} {"metadata":{"emulator":{"name":"functions"},"message":"[runtime-status] [7464] Resolved module firebase-admin {\"declared\":true,\"installed\":true,\"version\":\"9.5.0\",\"resolution\":\"C:\\\\Users\\\\bates\\\\Desktop\\\\Veddit\\\\Veddit\\\\functions\\\\node_modules\\\\firebase-admin\\\\lib\\\\index.js\"}"}}
[debug] [2021-02-27T00:07:15.318Z] [runtime-status] [7464] Resolved module firebase-functions {"declared":true,"installed":true,"version":"3.13.2","resolution":"C:\\Users\\bates\\Desktop\\Veddit\\Veddit\\functions\\node_modules\\firebase-functions\\lib\\index.js"} {"metadata":{"emulator":{"name":"functions"},"message":"[runtime-status] [7464] Resolved module firebase-functions {\"declared\":true,\"installed\":true,\"version\":\"3.13.2\",\"resolution\":\"C:\\\\Users\\\\bates\\\\Desktop\\\\Veddit\\\\Veddit\\\\functions\\\\node_modules\\\\firebase-functions\\\\lib\\\\index.js\"}"}}
[debug] [2021-02-27T00:07:15.320Z] [runtime-status] [7464] Resolved module firebase-functions {"declared":true,"installed":true,"version":"3.13.2","resolution":"C:\\Users\\bates\\Desktop\\Veddit\\Veddit\\functions\\node_modules\\firebase-functions\\lib\\index.js"} {"metadata":{"emulator":{"name":"functions"},"message":"[runtime-status] [7464] Resolved module firebase-functions {\"declared\":true,\"installed\":true,\"version\":\"3.13.2\",\"resolution\":\"C:\\\\Users\\\\bates\\\\Desktop\\\\Veddit\\\\Veddit\\\\functions\\\\node_modules\\\\firebase-functions\\\\lib\\\\index.js\"}"}}
[debug] [2021-02-27T00:07:15.322Z] [runtime-status] [7464] Outgoing network have been stubbed. [{"name":"http","status":"mocked"},{"name":"http","status":"mocked"},{"name":"https","status":"mocked"},{"name":"https","status":"mocked"},{"name":"net","status":"mocked"}] {"metadata":{"emulator":{"name":"functions"},"message":"[runtime-status] [7464] Outgoing network have been stubbed. [{\"name\":\"http\",\"status\":\"mocked\"},{\"name\":\"http\",\"status\":\"mocked\"},{\"name\":\"https\",\"status\":\"mocked\"},{\"name\":\"https\",\"status\":\"mocked\"},{\"name\":\"net\",\"status\":\"mocked\"}]"}}
[debug] [2021-02-27T00:07:15.322Z] [runtime-status] [7464] Resolved module firebase-functions {"declared":true,"installed":true,"version":"3.13.2","resolution":"C:\\Users\\bates\\Desktop\\Veddit\\Veddit\\functions\\node_modules\\firebase-functions\\lib\\index.js"} {"metadata":{"emulator":{"name":"functions"},"message":"[runtime-status] [7464] Resolved module firebase-functions {\"declared\":true,\"installed\":true,\"version\":\"3.13.2\",\"resolution\":\"C:\\\\Users\\\\bates\\\\Desktop\\\\Veddit\\\\Veddit\\\\functions\\\\node_modules\\\\firebase-functions\\\\lib\\\\index.js\"}"}}
[debug] [2021-02-27T00:07:15.378Z] [runtime-status] [7464] Checked functions.config() {"config":{}} {"metadata":{"emulator":{"name":"functions"},"message":"[runtime-status] [7464] Checked functions.config() {\"config\":{}}"}}
[debug] [2021-02-27T00:07:15.378Z] [runtime-status] [7464] firebase-functions has been stubbed. {"functionsResolution":{"declared":true,"installed":true,"version":"3.13.2","resolution":"C:\\Users\\bates\\Desktop\\Veddit\\Veddit\\functions\\node_modules\\firebase-functions\\lib\\index.js"}} {"metadata":{"emulator":{"name":"functions"},"message":"[runtime-status] [7464] firebase-functions has been stubbed. {\"functionsResolution\":{\"declared\":true,\"installed\":true,\"version\":\"3.13.2\",\"resolution\":\"C:\\\\Users\\\\bates\\\\Desktop\\\\Veddit\\\\Veddit\\\\functions\\\\node_modules\\\\firebase-functions\\\\lib\\\\index.js\"}}"}}
[debug] [2021-02-27T00:07:15.379Z] [runtime-status] [7464] Resolved module firebase-functions {"declared":true,"installed":true,"version":"3.13.2","resolution":"C:\\Users\\bates\\Desktop\\Veddit\\Veddit\\functions\\node_modules\\firebase-functions\\lib\\index.js"} {"metadata":{"emulator":{"name":"functions"},"message":"[runtime-status] [7464] Resolved module firebase-functions {\"declared\":true,\"installed\":true,\"version\":\"3.13.2\",\"resolution\":\"C:\\\\Users\\\\bates\\\\Desktop\\\\Veddit\\\\Veddit\\\\functions\\\\node_modules\\\\firebase-functions\\\\lib\\\\index.js\"}"}}
[debug] [2021-02-27T00:07:15.379Z] [runtime-status] [7464] Resolved module firebase-admin {"declared":true,"installed":true,"version":"9.5.0","resolution":"C:\\Users\\bates\\Desktop\\Veddit\\Veddit\\functions\\node_modules\\firebase-admin\\lib\\index.js"} {"metadata":{"emulator":{"name":"functions"},"message":"[runtime-status] [7464] Resolved module firebase-admin {\"declared\":true,\"installed\":true,\"version\":\"9.5.0\",\"resolution\":\"C:\\\\Users\\\\bates\\\\Desktop\\\\Veddit\\\\Veddit\\\\functions\\\\node_modules\\\\firebase-admin\\\\lib\\\\index.js\"}"}}
[debug] [2021-02-27T00:07:15.380Z] [runtime-status] [7464] Resolved module firebase-functions {"declared":true,"installed":true,"version":"3.13.2","resolution":"C:\\Users\\bates\\Desktop\\Veddit\\Veddit\\functions\\node_modules\\firebase-functions\\lib\\index.js"} {"metadata":{"emulator":{"name":"functions"},"message":"[runtime-status] [7464] Resolved module firebase-functions {\"declared\":true,\"installed\":true,\"version\":\"3.13.2\",\"resolution\":\"C:\\\\Users\\\\bates\\\\Desktop\\\\Veddit\\\\Veddit\\\\functions\\\\node_modules\\\\firebase-functions\\\\lib\\\\index.js\"}"}}
[debug] [2021-02-27T00:07:15.380Z] [runtime-status] [7464] firebase-admin has been stubbed. {"adminResolution":{"declared":true,"installed":true,"version":"9.5.0","resolution":"C:\\Users\\bates\\Desktop\\Veddit\\Veddit\\functions\\node_modules\\firebase-admin\\lib\\index.js"}} {"metadata":{"emulator":{"name":"functions"},"message":"[runtime-status] [7464] firebase-admin has been stubbed. {\"adminResolution\":{\"declared\":true,\"installed\":true,\"version\":\"9.5.0\",\"resolution\":\"C:\\\\Users\\\\bates\\\\Desktop\\\\Veddit\\\\Veddit\\\\functions\\\\node_modules\\\\firebase-admin\\\\lib\\\\index.js\"}}"}}
[debug] [2021-02-27T00:07:15.384Z] [runtime-status] [7464] initializeApp(DEFAULT) {"storageBucket":"veddit-f1794.appspot.com","databaseURL":"https://veddit-f1794-default-rtdb.firebaseio.com","projectId":"veddit-f1794"} {"metadata":{"emulator":{"name":"functions"},"message":"[runtime-status] [7464] initializeApp(DEFAULT) {\"storageBucket\":\"veddit-f1794.appspot.com\",\"databaseURL\":\"https://veddit-f1794-default-rtdb.firebaseio.com\",\"projectId\":\"veddit-f1794\"}"}}
[debug] [2021-02-27T00:07:15.506Z] [worker-~diagnostic~-338f2920-a9f9-49d9-9328-099f2c463572]: IDLE {"metadata":{"emulator":{"name":"functions"},"message":"[worker-~diagnostic~-338f2920-a9f9-49d9-9328-099f2c463572]: IDLE"}}
[debug] [2021-02-27T00:08:04.147Z] File C:\Users\bates\Desktop\Veddit\Veddit\functions\index.js changed, reloading triggers {"metadata":{"emulator":{"name":"functions"},"message":"File C:\\Users\\bates\\Desktop\\Veddit\\Veddit\\functions\\index.js changed, reloading triggers"}}
[debug] [2021-02-27T00:08:05.148Z] [worker-pool] Shutting down IDLE worker (~diagnostic~) {"metadata":{"emulator":{"name":"functions"},"message":"[worker-pool] Shutting down IDLE worker (~diagnostic~)"}}
[debug] [2021-02-27T00:08:05.148Z] [worker-~diagnostic~-338f2920-a9f9-49d9-9328-099f2c463572]: FINISHING {"metadata":{"emulator":{"name":"functions"},"message":"[worker-~diagnostic~-338f2920-a9f9-49d9-9328-099f2c463572]: FINISHING"}}
[debug] [2021-02-27T00:08:05.149Z] [worker-pool] Cleaned up workers for ~diagnostic~: 2 --> 1 {"metadata":{"emulator":{"name":"functions"},"message":"[worker-pool] Cleaned up workers for ~diagnostic~: 2 --> 1"}}
[debug] [2021-02-27T00:08:05.155Z] [worker-pool] addWorker(~diagnostic~) {"metadata":{"emulator":{"name":"functions"},"message":"[worker-pool] addWorker(~diagnostic~)"}}
[debug] [2021-02-27T00:08:05.155Z] [worker-pool] Adding worker with key ~diagnostic~, total=2 {"metadata":{"emulator":{"name":"functions"},"message":"[worker-pool] Adding worker with key ~diagnostic~, total=2"}}
[debug] [2021-02-27T00:08:05.155Z] [worker-pool] submitWork(triggerId=) {"metadata":{"emulator":{"name":"functions"},"message":"[worker-pool] submitWork(triggerId=)"}}
[debug] [2021-02-27T00:08:05.156Z] [worker-~diagnostic~-35f4e991-e317-4402-a021-33db0f930e08]: Assigning socketPath: \\?\pipe\C:\Users\bates\Desktop\Veddit\Veddit\functions\18568 {"metadata":{"emulator":{"name":"functions"},"message":"[worker-~diagnostic~-35f4e991-e317-4402-a021-33db0f930e08]: Assigning socketPath: \\\\?\\pipe\\C:\\Users\\bates\\Desktop\\Veddit\\Veddit\\functions\\18568"}}
[debug] [2021-02-27T00:08:05.156Z] [worker-~diagnostic~-35f4e991-e317-4402-a021-33db0f930e08]: BUSY {"metadata":{"emulator":{"name":"functions"},"message":"[worker-~diagnostic~-35f4e991-e317-4402-a021-33db0f930e08]: BUSY"}}
[debug] [2021-02-27T00:08:05.156Z] [worker-~diagnostic~-338f2920-a9f9-49d9-9328-099f2c463572]: exited {"metadata":{"emulator":{"name":"functions"},"message":"[worker-~diagnostic~-338f2920-a9f9-49d9-9328-099f2c463572]: exited"}}
[debug] [2021-02-27T00:08:05.157Z] [worker-~diagnostic~-338f2920-a9f9-49d9-9328-099f2c463572]: FINISHED {"metadata":{"emulator":{"name":"functions"},"message":"[worker-~diagnostic~-338f2920-a9f9-49d9-9328-099f2c463572]: FINISHED"}}
[debug] [2021-02-27T00:08:05.360Z] [runtime-status] [18568] Functions runtime initialized. {"cwd":"C:\\Users\\bates\\Desktop\\Veddit\\Veddit\\functions","node_version":"15.10.0"} {"metadata":{"emulator":{"name":"functions"},"message":"[runtime-status] [18568] Functions runtime initialized. {\"cwd\":\"C:\\\\Users\\\\bates\\\\Desktop\\\\Veddit\\\\Veddit\\\\functions\",\"node_version\":\"15.10.0\"}"}}
[debug] [2021-02-27T00:08:05.361Z] [runtime-status] [18568] Disabled runtime features: undefined {"metadata":{"emulator":{"name":"functions"},"message":"[runtime-status] [18568] Disabled runtime features: undefined"}}
[debug] [2021-02-27T00:08:05.367Z] [runtime-status] [18568] Resolved module firebase-admin {"declared":true,"installed":true,"version":"9.5.0","resolution":"C:\\Users\\bates\\Desktop\\Veddit\\Veddit\\functions\\node_modules\\firebase-admin\\lib\\index.js"} {"metadata":{"emulator":{"name":"functions"},"message":"[runtime-status] [18568] Resolved module firebase-admin {\"declared\":true,\"installed\":true,\"version\":\"9.5.0\",\"resolution\":\"C:\\\\Users\\\\bates\\\\Desktop\\\\Veddit\\\\Veddit\\\\functions\\\\node_modules\\\\firebase-admin\\\\lib\\\\index.js\"}"}}
[debug] [2021-02-27T00:08:05.368Z] [runtime-status] [18568] Resolved module firebase-functions {"declared":true,"installed":true,"version":"3.13.2","resolution":"C:\\Users\\bates\\Desktop\\Veddit\\Veddit\\functions\\node_modules\\firebase-functions\\lib\\index.js"} {"metadata":{"emulator":{"name":"functions"},"message":"[runtime-status] [18568] Resolved module firebase-functions {\"declared\":true,\"installed\":true,\"version\":\"3.13.2\",\"resolution\":\"C:\\\\Users\\\\bates\\\\Desktop\\\\Veddit\\\\Veddit\\\\functions\\\\node_modules\\\\firebase-functions\\\\lib\\\\index.js\"}"}}
[debug] [2021-02-27T00:08:05.370Z] [runtime-status] [18568] Resolved module firebase-functions {"declared":true,"installed":true,"version":"3.13.2","resolution":"C:\\Users\\bates\\Desktop\\Veddit\\Veddit\\functions\\node_modules\\firebase-functions\\lib\\index.js"} {"metadata":{"emulator":{"name":"functions"},"message":"[runtime-status] [18568] Resolved module firebase-functions {\"declared\":true,\"installed\":true,\"version\":\"3.13.2\",\"resolution\":\"C:\\\\Users\\\\bates\\\\Desktop\\\\Veddit\\\\Veddit\\\\functions\\\\node_modules\\\\firebase-functions\\\\lib\\\\index.js\"}"}}
[debug] [2021-02-27T00:08:05.372Z] [runtime-status] [18568] Outgoing network have been stubbed. [{"name":"http","status":"mocked"},{"name":"http","status":"mocked"},{"name":"https","status":"mocked"},{"name":"https","status":"mocked"},{"name":"net","status":"mocked"}] {"metadata":{"emulator":{"name":"functions"},"message":"[runtime-status] [18568] Outgoing network have been stubbed. [{\"name\":\"http\",\"status\":\"mocked\"},{\"name\":\"http\",\"status\":\"mocked\"},{\"name\":\"https\",\"status\":\"mocked\"},{\"name\":\"https\",\"status\":\"mocked\"},{\"name\":\"net\",\"status\":\"mocked\"}]"}}
[debug] [2021-02-27T00:08:05.372Z] [runtime-status] [18568] Resolved module firebase-functions {"declared":true,"installed":true,"version":"3.13.2","resolution":"C:\\Users\\bates\\Desktop\\Veddit\\Veddit\\functions\\node_modules\\firebase-functions\\lib\\index.js"} {"metadata":{"emulator":{"name":"functions"},"message":"[runtime-status] [18568] Resolved module firebase-functions {\"declared\":true,\"installed\":true,\"version\":\"3.13.2\",\"resolution\":\"C:\\\\Users\\\\bates\\\\Desktop\\\\Veddit\\\\Veddit\\\\functions\\\\node_modules\\\\firebase-functions\\\\lib\\\\index.js\"}"}}
[debug] [2021-02-27T00:08:05.426Z] [runtime-status] [18568] Checked functions.config() {"config":{}} {"metadata":{"emulator":{"name":"functions"},"message":"[runtime-status] [18568] Checked functions.config() {\"config\":{}}"}}
[debug] [2021-02-27T00:08:05.426Z] [runtime-status] [18568] firebase-functions has been stubbed. {"functionsResolution":{"declared":true,"installed":true,"version":"3.13.2","resolution":"C:\\Users\\bates\\Desktop\\Veddit\\Veddit\\functions\\node_modules\\firebase-functions\\lib\\index.js"}} {"metadata":{"emulator":{"name":"functions"},"message":"[runtime-status] [18568] firebase-functions has been stubbed. {\"functionsResolution\":{\"declared\":true,\"installed\":true,\"version\":\"3.13.2\",\"resolution\":\"C:\\\\Users\\\\bates\\\\Desktop\\\\Veddit\\\\Veddit\\\\functions\\\\node_modules\\\\firebase-functions\\\\lib\\\\index.js\"}}"}}
[debug] [2021-02-27T00:08:05.427Z] [runtime-status] [18568] Resolved module firebase-functions {"declared":true,"installed":true,"version":"3.13.2","resolution":"C:\\Users\\bates\\Desktop\\Veddit\\Veddit\\functions\\node_modules\\firebase-functions\\lib\\index.js"} {"metadata":{"emulator":{"name":"functions"},"message":"[runtime-status] [18568] Resolved module firebase-functions {\"declared\":true,\"installed\":true,\"version\":\"3.13.2\",\"resolution\":\"C:\\\\Users\\\\bates\\\\Desktop\\\\Veddit\\\\Veddit\\\\functions\\\\node_modules\\\\firebase-functions\\\\lib\\\\index.js\"}"}}
[debug] [2021-02-27T00:08:05.428Z] [runtime-status] [18568] Resolved module firebase-admin {"declared":true,"installed":true,"version":"9.5.0","resolution":"C:\\Users\\bates\\Desktop\\Veddit\\Veddit\\functions\\node_modules\\firebase-admin\\lib\\index.js"} {"metadata":{"emulator":{"name":"functions"},"message":"[runtime-status] [18568] Resolved module firebase-admin {\"declared\":true,\"installed\":true,\"version\":\"9.5.0\",\"resolution\":\"C:\\\\Users\\\\bates\\\\Desktop\\\\Veddit\\\\Veddit\\\\functions\\\\node_modules\\\\firebase-admin\\\\lib\\\\index.js\"}"}}
[debug] [2021-02-27T00:08:05.428Z] [runtime-status] [18568] Resolved module firebase-functions {"declared":true,"installed":true,"version":"3.13.2","resolution":"C:\\Users\\bates\\Desktop\\Veddit\\Veddit\\functions\\node_modules\\firebase-functions\\lib\\index.js"} {"metadata":{"emulator":{"name":"functions"},"message":"[runtime-status] [18568] Resolved module firebase-functions {\"declared\":true,\"installed\":true,\"version\":\"3.13.2\",\"resolution\":\"C:\\\\Users\\\\bates\\\\Desktop\\\\Veddit\\\\Veddit\\\\functions\\\\node_modules\\\\firebase-functions\\\\lib\\\\index.js\"}"}}
[debug] [2021-02-27T00:08:05.429Z] [runtime-status] [18568] firebase-admin has been stubbed. {"adminResolution":{"declared":true,"installed":true,"version":"9.5.0","resolution":"C:\\Users\\bates\\Desktop\\Veddit\\Veddit\\functions\\node_modules\\firebase-admin\\lib\\index.js"}} {"metadata":{"emulator":{"name":"functions"},"message":"[runtime-status] [18568] firebase-admin has been stubbed. {\"adminResolution\":{\"declared\":true,\"installed\":true,\"version\":\"9.5.0\",\"resolution\":\"C:\\\\Users\\\\bates\\\\Desktop\\\\Veddit\\\\Veddit\\\\functions\\\\node_modules\\\\firebase-admin\\\\lib\\\\index.js\"}}"}}
[debug] [2021-02-27T00:08:05.444Z] [runtime-status] [18568] initializeApp(DEFAULT) {"storageBucket":"veddit-f1794.appspot.com","databaseURL":"https://veddit-f1794-default-rtdb.firebaseio.com","projectId":"veddit-f1794"} {"metadata":{"emulator":{"name":"functions"},"message":"[runtime-status] [18568] initializeApp(DEFAULT) {\"storageBucket\":\"veddit-f1794.appspot.com\",\"databaseURL\":\"https://veddit-f1794-default-rtdb.firebaseio.com\",\"projectId\":\"veddit-f1794\"}"}}
[debug] [2021-02-27T00:08:05.560Z] [worker-~diagnostic~-35f4e991-e317-4402-a021-33db0f930e08]: IDLE {"metadata":{"emulator":{"name":"functions"},"message":"[worker-~diagnostic~-35f4e991-e317-4402-a021-33db0f930e08]: IDLE"}}
[debug] [2021-02-27T00:08:15.046Z] File C:\Users\bates\Desktop\Veddit\Veddit\functions\index.js changed, reloading triggers {"metadata":{"emulator":{"name":"functions"},"message":"File C:\\Users\\bates\\Desktop\\Veddit\\Veddit\\functions\\index.js changed, reloading triggers"}}
